<?xml version="1.0" encoding="UTF-8"?>
<!-- Generated by org.testng.reporters.JUnitXMLReporter -->
<testsuite ignored="0" hostname="Ehan-Baba-Laptop" failures="0" tests="5" name="Default test" time="0.087" errors="0" timestamp="2023-10-28T11:19:09 EDT">
  <testcase classname="com.TestNgPractice.PracticeTestNgMethod" name="login" time="0.011"/>
  <testcase classname="com.TestNgPractice.PracticeTestNgMethod" name="dress" time="0.002"/>
  <testcase classname="com.TestNgPractice.PracticeTestNgMethod" name="cart" time="0.002"/>
  <testcase classname="com.TestNgPractice.PracticeTestNgMethod" name="payment" time="0.001"/>
  <testcase classname="com.TestNgPractice.PracticeTestNgMethod" name="placeorder" time="0.003"/>
</testsuite> <!-- Default test -->
