<?xml version="1.0" encoding="UTF-8"?>
<testng-results ignored="0" total="1" passed="1" failed="0" skipped="0">
  <reporter-output>
  </reporter-output>
  <suite started-at="2023-10-28T14:31:58 EDT" name="Suite" finished-at="2023-10-28T14:31:58 EDT" duration-ms="68">
    <groups>
    </groups>
    <test started-at="2023-10-28T14:31:58 EDT" name="Test" finished-at="2023-10-28T14:31:58 EDT" duration-ms="68">
      <class name="com.TestNgPractice.ParameterTestNg">
        <test-method signature="practiceParameterinTestNg(java.lang.String,int)[pri:0, instance:com.TestNgPractice.ParameterTestNg@76ed1b7c]" started-at="2023-10-28T14:31:58 EDT" name="practiceParameterinTestNg" finished-at="2023-10-28T14:31:58 EDT" duration-ms="8" status="PASS">
          <params>
            <param index="0">
              <value>
                <![CDATA[ileas]]>
              </value>
            </param>
            <param index="1">
              <value>
                <![CDATA[5]]>
              </value>
            </param>
          </params>
          <reporter-output>
          </reporter-output>
        </test-method> <!-- practiceParameterinTestNg -->
      </class> <!-- com.TestNgPractice.ParameterTestNg -->
    </test> <!-- Test -->
  </suite> <!-- Suite -->
</testng-results>
